# JRE version: Java(TM) SE Runtime Environment (8.0_05-b13) (build 1.8.0_05-b13)
# Java VM: Java HotSpot(TM) 64-Bit Server VM (25.5-b02 mixed mode windows-amd64 compressed oops)
Heap:
 def new generation   total 204096K, used 177320K [0x00000000a2400000, 0x00000000b0170000, 0x00000000c1800000)
  eden space 181440K,  94% used [0x00000000a2400000, 0x00000000acbd0018, 0x00000000ad530000)
  from space 22656K,  24% used [0x00000000aeb50000, 0x00000000af0aa268, 0x00000000b0170000)
  to   space 22656K,   0% used [0x00000000ad530000, 0x00000000ad530000, 0x00000000aeb50000)
 tenured generation   total 453376K, used 48600K [0x00000000c1800000, 0x00000000dd2c0000, 0x0000000100000000)
   the space 453376K,  10% used [0x00000000c1800000, 0x00000000c4776108, 0x00000000c4776200, 0x00000000dd2c0000)
 Metaspace       used 46903K, capacity 47810K, committed 47940K, reserved 1091584K
  class space    used 6606K, capacity 6767K, committed 6784K, reserved 1048576K
GC Heap History (10 events):
Event: 11.641 GC heap before
{Heap before GC invocations=146 (full 2):
 def new generation   total 204096K, used 192228K [0x00000000a2400000, 0x00000000b0170000, 0x00000000c1800000)
  eden space 181440K, 100% used [0x00000000a2400000, 0x00000000ad530000, 0x00000000ad530000)
  from space 22656K,  47% used [0x00000000ad530000, 0x00000000adfb93e0, 0x00000000aeb50000)
  to   space 22656K,   0% used [0x00000000aeb50000, 0x00000000aeb50000, 0x00000000b0170000)
 tenured generation   total 453376K, used 25664K [0x00000000c1800000, 0x00000000dd2c0000, 0x0000000100000000)
   the space 453376K,   5% used [0x00000000c1800000, 0x00000000c3110348, 0x00000000c3110400, 0x00000000dd2c0000)
 Metaspace       used 38548K, capacity 39034K, committed 39236K, reserved 1083392K
  class space    used 5567K, capacity 5660K, committed 5760K, reserved 1048576K
Event: 11.693 GC heap after
Heap after GC invocations=147 (full 2):
 def new generation   total 204096K, used 22656K [0x00000000a2400000, 0x00000000b0170000, 0x00000000c1800000)
  eden space 181440K,   0% used [0x00000000a2400000, 0x00000000a2400000, 0x00000000ad530000)
  from space 22656K, 100% used [0x00000000aeb50000, 0x00000000b0170000, 0x00000000b0170000)
  to   space 22656K,   0% used [0x00000000ad530000, 0x00000000ad530000, 0x00000000aeb50000)
 tenured generation   total 453376K, used 31584K [0x00000000c1800000, 0x00000000dd2c0000, 0x0000000100000000)
   the space 453376K,   6% used [0x00000000c1800000, 0x00000000c36d82a8, 0x00000000c36d8400, 0x00000000dd2c0000)
 Metaspace       used 38548K, capacity 39034K, committed 39236K, reserved 1083392K
  class space    used 5567K, capacity 5660K, committed 5760K, reserved 1048576K
}
Event: 12.590 GC heap before
{Heap before GC invocations=147 (full 2):
 def new generation   total 204096K, used 204096K [0x00000000a2400000, 0x00000000b0170000, 0x00000000c1800000)
  eden space 181440K, 100% used [0x00000000a2400000, 0x00000000ad530000, 0x00000000ad530000)
  from space 22656K, 100% used [0x00000000aeb50000, 0x00000000b0170000, 0x00000000b0170000)
  to   space 22656K,   0% used [0x00000000ad530000, 0x00000000ad530000, 0x00000000aeb50000)
 tenured generation   total 453376K, used 31584K [0x00000000c1800000, 0x00000000dd2c0000, 0x0000000100000000)
   the space 453376K,   6% used [0x00000000c1800000, 0x00000000c36d82a8, 0x00000000c36d8400, 0x00000000dd2c0000)
 Metaspace       used 39395K, capacity 39934K, committed 40132K, reserved 1083392K
  class space    used 5679K, capacity 5826K, committed 5888K, reserved 1048576K
Event: 12.661 GC heap after
Heap after GC invocations=148 (full 2):
 def new generation   total 204096K, used 13253K [0x00000000a2400000, 0x00000000b0170000, 0x00000000c1800000)
  eden space 181440K,   0% used [0x00000000a2400000, 0x00000000a2400000, 0x00000000ad530000)
  from space 22656K,  58% used [0x00000000ad530000, 0x00000000ae2215a8, 0x00000000aeb50000)
  to   space 22656K,   0% used [0x00000000aeb50000, 0x00000000aeb50000, 0x00000000b0170000)
 tenured generation   total 453376K, used 47855K [0x00000000c1800000, 0x00000000dd2c0000, 0x0000000100000000)
   the space 453376K,  10% used [0x00000000c1800000, 0x00000000c46bbeb0, 0x00000000c46bc000, 0x00000000dd2c0000)
 Metaspace       used 39395K, capacity 39934K, committed 40132K, reserved 1083392K
  class space    used 5679K, capacity 5826K, committed 5888K, reserved 1048576K
}
Event: 13.043 GC heap before
{Heap before GC invocations=148 (full 2):
 def new generation   total 204096K, used 194693K [0x00000000a2400000, 0x00000000b0170000, 0x00000000c1800000)
  eden space 181440K, 100% used [0x00000000a2400000, 0x00000000ad530000, 0x00000000ad530000)
  from space 22656K,  58% used [0x00000000ad530000, 0x00000000ae2215a8, 0x00000000aeb50000)
  to   space 22656K,   0% used [0x00000000aeb50000, 0x00000000aeb50000, 0x00000000b0170000)
 tenured generation   total 453376K, used 47855K [0x00000000c1800000, 0x00000000dd2c0000, 0x0000000100000000)
   the space 453376K,  10% used [0x00000000c1800000, 0x00000000c46bbeb0, 0x00000000c46bc000, 0x00000000dd2c0000)
 Metaspace       used 39626K, capacity 40164K, committed 40388K, reserved 1083392K
  class space    used 5718K, capacity 5859K, committed 5888K, reserved 1048576K
Event: 13.049 GC heap after
Heap after GC invocations=149 (full 2):
 def new generation   total 204096K, used 660K [0x00000000a2400000, 0x00000000b0170000, 0x00000000c1800000)
  eden space 181440K,   0% used [0x00000000a2400000, 0x00000000a2400000, 0x00000000ad530000)
  from space 22656K,   2% used [0x00000000aeb50000, 0x00000000aebf5240, 0x00000000b0170000)
  to   space 22656K,   0% used [0x00000000ad530000, 0x00000000ad530000, 0x00000000aeb50000)
 tenured generation   total 453376K, used 48600K [0x00000000c1800000, 0x00000000dd2c0000, 0x0000000100000000)
   the space 453376K,  10% used [0x00000000c1800000, 0x00000000c4776108, 0x00000000c4776200, 0x00000000dd2c0000)
 Metaspace       used 39626K, capacity 40164K, committed 40388K, reserved 1083392K
  class space    used 5718K, capacity 5859K, committed 5888K, reserved 1048576K
}
Event: 20.871 GC heap before
{Heap before GC invocations=149 (full 2):
 def new generation   total 204096K, used 182100K [0x00000000a2400000, 0x00000000b0170000, 0x00000000c1800000)
  eden space 181440K, 100% used [0x00000000a2400000, 0x00000000ad530000, 0x00000000ad530000)
  from space 22656K,   2% used [0x00000000aeb50000, 0x00000000aebf5240, 0x00000000b0170000)
  to   space 22656K,   0% used [0x00000000ad530000, 0x00000000ad530000, 0x00000000aeb50000)
 tenured generation   total 453376K, used 48600K [0x00000000c1800000, 0x00000000dd2c0000, 0x0000000100000000)
   the space 453376K,  10% used [0x00000000c1800000, 0x00000000c4776108, 0x00000000c4776200, 0x00000000dd2c0000)
 Metaspace       used 43201K, capacity 43796K, committed 43972K, reserved 1087488K
  class space    used 6184K, capacity 6318K, committed 6400K, reserved 1048576K
Event: 20.885 GC heap after
Heap after GC invocations=150 (full 2):
 def new generation   total 204096K, used 6977K [0x00000000a2400000, 0x00000000b0170000, 0x00000000c1800000)
  eden space 181440K,   0% used [0x00000000a2400000, 0x00000000a2400000, 0x00000000ad530000)
  from space 22656K,  30% used [0x00000000ad530000, 0x00000000adc00408, 0x00000000aeb50000)
  to   space 22656K,   0% used [0x00000000aeb50000, 0x00000000aeb50000, 0x00000000b0170000)
 tenured generation   total 453376K, used 48600K [0x00000000c1800000, 0x00000000dd2c0000, 0x0000000100000000)
   the space 453376K,  10% used [0x00000000c1800000, 0x00000000c4776108, 0x00000000c4776200, 0x00000000dd2c0000)
 Metaspace       used 43201K, capacity 43796K, committed 43972K, reserved 1087488K
  class space    used 6184K, capacity 6318K, committed 6400K, reserved 1048576K
}
Event: 21.632 GC heap before
{Heap before GC invocations=150 (full 2):
 def new generation   total 204096K, used 188417K [0x00000000a2400000, 0x00000000b0170000, 0x00000000c1800000)
  eden space 181440K, 100% used [0x00000000a2400000, 0x00000000ad530000, 0x00000000ad530000)
  from space 22656K,  30% used [0x00000000ad530000, 0x00000000adc00408, 0x00000000aeb50000)
  to   space 22656K,   0% used [0x00000000aeb50000, 0x00000000aeb50000, 0x00000000b0170000)
 tenured generation   total 453376K, used 48600K [0x00000000c1800000, 0x00000000dd2c0000, 0x0000000100000000)
   the space 453376K,  10% used [0x00000000c1800000, 0x00000000c4776108, 0x00000000c4776200, 0x00000000dd2c0000)
 Metaspace       used 44412K, capacity 45178K, committed 45380K, reserved 1087488K
  class space    used 6307K, capacity 6463K, committed 6528K, reserved 1048576K
Event: 21.650 GC heap after
Heap after GC invocations=151 (full 2):
 def new generation   total 204096K, used 5480K [0x00000000a2400000, 0x00000000b0170000, 0x00000000c1800000)
  eden space 181440K,   0% used [0x00000000a2400000, 0x00000000a2400000, 0x00000000ad530000)
  from space 22656K,  24% used [0x00000000aeb50000, 0x00000000af0aa268, 0x00000000b0170000)
  to   space 22656K,   0% used [0x00000000ad530000, 0x00000000ad530000, 0x00000000aeb50000)
 tenured generation   total 453376K, used 48600K [0x00000000c1800000, 0x00000000dd2c0000, 0x0000000100000000)
   the space 453376K,  10% used [0x00000000c1800000, 0x00000000c4776108, 0x00000000c4776200, 0x00000000dd2c0000)
 Metaspace       used 44412K, capacity 45178K, committed 45380K, reserved 1087488K
  class space    used 6307K, capacity 6463K, committed 6528K, reserved 1048576K
}

